Determining if the pthread_create exist failed with the following output:
Change Dir: /afs/athena.mit.edu/user/h/w/hwang123/Desktop/Graphics/starter3/build/CMakeFiles/CMakeTmp

Run Build Command:/usr/bin/make "cmTryCompileExec1589844795/fast"
/usr/bin/make -f CMakeFiles/cmTryCompileExec1589844795.dir/build.make CMakeFiles/cmTryCompileExec1589844795.dir/build
make[1]: Entering directory `/afs/athena.mit.edu/user/h/w/hwang123/Desktop/Graphics/starter3/build/CMakeFiles/CMakeTmp'
/usr/bin/cmake -E cmake_progress_report /afs/athena.mit.edu/user/h/w/hwang123/Desktop/Graphics/starter3/build/CMakeFiles/CMakeTmp/CMakeFiles 1
Building C object CMakeFiles/cmTryCompileExec1589844795.dir/CheckSymbolExists.c.o
/usr/bin/cc    -o CMakeFiles/cmTryCompileExec1589844795.dir/CheckSymbolExists.c.o   -c /afs/athena.mit.edu/user/h/w/hwang123/Desktop/Graphics/starter3/build/CMakeFiles/CMakeTmp/CheckSymbolExists.c
Linking C executable cmTryCompileExec1589844795
/usr/bin/cmake -E cmake_link_script CMakeFiles/cmTryCompileExec1589844795.dir/link.txt --verbose=1
/usr/bin/cc       CMakeFiles/cmTryCompileExec1589844795.dir/CheckSymbolExists.c.o  -o cmTryCompileExec1589844795 -rdynamic 
CMakeFiles/cmTryCompileExec1589844795.dir/CheckSymbolExists.c.o: In function `main':
CheckSymbolExists.c:(.text+0x16): undefined reference to `pthread_create'
collect2: error: ld returned 1 exit status
make[1]: *** [cmTryCompileExec1589844795] Error 1
make[1]: Leaving directory `/afs/athena.mit.edu/user/h/w/hwang123/Desktop/Graphics/starter3/build/CMakeFiles/CMakeTmp'
make: *** [cmTryCompileExec1589844795/fast] Error 2

File /afs/athena.mit.edu/user/h/w/hwang123/Desktop/Graphics/starter3/build/CMakeFiles/CMakeTmp/CheckSymbolExists.c:
/* */
#include <pthread.h>

int main(int argc, char** argv)
{
  (void)argv;
#ifndef pthread_create
  return ((int*)(&pthread_create))[argc];
#else
  (void)argc;
  return 0;
#endif
}

Determining if the function pthread_create exists in the pthreads failed with the following output:
Change Dir: /afs/athena.mit.edu/user/h/w/hwang123/Desktop/Graphics/starter3/build/CMakeFiles/CMakeTmp

Run Build Command:/usr/bin/make "cmTryCompileExec1663431091/fast"
/usr/bin/make -f CMakeFiles/cmTryCompileExec1663431091.dir/build.make CMakeFiles/cmTryCompileExec1663431091.dir/build
make[1]: Entering directory `/afs/athena.mit.edu/user/h/w/hwang123/Desktop/Graphics/starter3/build/CMakeFiles/CMakeTmp'
/usr/bin/cmake -E cmake_progress_report /afs/athena.mit.edu/user/h/w/hwang123/Desktop/Graphics/starter3/build/CMakeFiles/CMakeTmp/CMakeFiles 1
Building C object CMakeFiles/cmTryCompileExec1663431091.dir/CheckFunctionExists.c.o
/usr/bin/cc   -DCHECK_FUNCTION_EXISTS=pthread_create   -o CMakeFiles/cmTryCompileExec1663431091.dir/CheckFunctionExists.c.o   -c /usr/share/cmake-2.8/Modules/CheckFunctionExists.c
Linking C executable cmTryCompileExec1663431091
/usr/bin/cmake -E cmake_link_script CMakeFiles/cmTryCompileExec1663431091.dir/link.txt --verbose=1
/usr/bin/cc   -DCHECK_FUNCTION_EXISTS=pthread_create    CMakeFiles/cmTryCompileExec1663431091.dir/CheckFunctionExists.c.o  -o cmTryCompileExec1663431091 -rdynamic -lpthreads 
/usr/bin/ld: cannot find -lpthreads
collect2: error: ld returned 1 exit status
make[1]: *** [cmTryCompileExec1663431091] Error 1
make[1]: Leaving directory `/afs/athena.mit.edu/user/h/w/hwang123/Desktop/Graphics/starter3/build/CMakeFiles/CMakeTmp'
make: *** [cmTryCompileExec1663431091/fast] Error 2


